Determining if the pthread_create exist failed with the following output:
Change Dir: /home/wma/catkin_ws/src/darknet_ros/darknet_ros/cmake-build-debug/CMakeFiles/CMakeTmp

Run Build Command:"/usr/bin/make" "cmTC_0475c/fast"
/usr/bin/make -f CMakeFiles/cmTC_0475c.dir/build.make CMakeFiles/cmTC_0475c.dir/build
make[1]: Entering directory '/home/wma/catkin_ws/src/darknet_ros/darknet_ros/cmake-build-debug/CMakeFiles/CMakeTmp'
Building C object CMakeFiles/cmTC_0475c.dir/CheckSymbolExists.c.o
/usr/bin/cc    -o CMakeFiles/cmTC_0475c.dir/CheckSymbolExists.c.o   -c /home/wma/catkin_ws/src/darknet_ros/darknet_ros/cmake-build-debug/CMakeFiles/CMakeTmp/CheckSymbolExists.c
Linking C executable cmTC_0475c
/home/wma/tool/clion-2018.1/bin/cmake/bin/cmake -E cmake_link_script CMakeFiles/cmTC_0475c.dir/link.txt --verbose=1
/usr/bin/cc      -rdynamic CMakeFiles/cmTC_0475c.dir/CheckSymbolExists.c.o  -o cmTC_0475c 
CMakeFiles/cmTC_0475c.dir/CheckSymbolExists.c.o: In function `main':
CheckSymbolExists.c:(.text+0x16): undefined reference to `pthread_create'
collect2: error: ld returned 1 exit status
CMakeFiles/cmTC_0475c.dir/build.make:97: recipe for target 'cmTC_0475c' failed
make[1]: *** [cmTC_0475c] Error 1
make[1]: Leaving directory '/home/wma/catkin_ws/src/darknet_ros/darknet_ros/cmake-build-debug/CMakeFiles/CMakeTmp'
Makefile:126: recipe for target 'cmTC_0475c/fast' failed
make: *** [cmTC_0475c/fast] Error 2

File /home/wma/catkin_ws/src/darknet_ros/darknet_ros/cmake-build-debug/CMakeFiles/CMakeTmp/CheckSymbolExists.c:
/* */
#include <pthread.h>

int main(int argc, char** argv)
{
  (void)argv;
#ifndef pthread_create
  return ((int*)(&pthread_create))[argc];
#else
  (void)argc;
  return 0;
#endif
}

Determining if the function pthread_create exists in the pthreads failed with the following output:
Change Dir: /home/wma/catkin_ws/src/darknet_ros/darknet_ros/cmake-build-debug/CMakeFiles/CMakeTmp

Run Build Command:"/usr/bin/make" "cmTC_a01aa/fast"
/usr/bin/make -f CMakeFiles/cmTC_a01aa.dir/build.make CMakeFiles/cmTC_a01aa.dir/build
make[1]: Entering directory '/home/wma/catkin_ws/src/darknet_ros/darknet_ros/cmake-build-debug/CMakeFiles/CMakeTmp'
Building C object CMakeFiles/cmTC_a01aa.dir/CheckFunctionExists.c.o
/usr/bin/cc   -DCHECK_FUNCTION_EXISTS=pthread_create   -o CMakeFiles/cmTC_a01aa.dir/CheckFunctionExists.c.o   -c /home/wma/tool/clion-2018.1/bin/cmake/share/cmake-3.10/Modules/CheckFunctionExists.c
Linking C executable cmTC_a01aa
/home/wma/tool/clion-2018.1/bin/cmake/bin/cmake -E cmake_link_script CMakeFiles/cmTC_a01aa.dir/link.txt --verbose=1
/usr/bin/cc  -DCHECK_FUNCTION_EXISTS=pthread_create    -rdynamic CMakeFiles/cmTC_a01aa.dir/CheckFunctionExists.c.o  -o cmTC_a01aa -lpthreads 
/usr/bin/ld: cannot find -lpthreads
collect2: error: ld returned 1 exit status
CMakeFiles/cmTC_a01aa.dir/build.make:97: recipe for target 'cmTC_a01aa' failed
make[1]: *** [cmTC_a01aa] Error 1
make[1]: Leaving directory '/home/wma/catkin_ws/src/darknet_ros/darknet_ros/cmake-build-debug/CMakeFiles/CMakeTmp'
Makefile:126: recipe for target 'cmTC_a01aa/fast' failed
make: *** [cmTC_a01aa/fast] Error 2


